<?xml version="1.0" encoding="UTF-8"?>
<!-- Generated by org.testng.reporters.JUnitReportReporter -->
<testsuite hostname="FarhanKhalid" failures="0" tests="1" name="test4.Class4" time="8.490" errors="0" timestamp="2022-12-04T23:48:45 EST" skipped="0">
  <testcase classname="test4.Class4" name="PropertyFile" time="8.490"/>
  <system-out/>
</testsuite> <!-- test4.Class4 -->
